# JRE version: Java(TM) SE Runtime Environment (8.0_40-b25) (build 1.8.0_40-b25)
# Java VM: Java HotSpot(TM) 64-Bit Server VM (25.40-b25 mixed mode linux-amd64 compressed oops)
Heap:
 PSYoungGen      total 324096K, used 12530K [0x00000000eab00000, 0x0000000100000000, 0x0000000100000000)
  eden space 305152K, 4% used [0x00000000eab00000,0x00000000eb73c970,0x00000000fd500000)
  from space 18944K, 0% used [0x00000000fed80000,0x00000000fed80000,0x0000000100000000)
  to   space 22016K, 0% used [0x00000000fd500000,0x00000000fd500000,0x00000000fea80000)
 ParOldGen       total 71680K, used 71590K [0x00000000c0000000, 0x00000000c4600000, 0x00000000eab00000)
  object space 71680K, 99% used [0x00000000c0000000,0x00000000c45e9ab8,0x00000000c4600000)
 Metaspace       used 62741K, capacity 66486K, committed 66560K, reserved 1105920K
  class space    used 8570K, capacity 9936K, committed 9984K, reserved 1048576K
GC Heap History (10 events):
Event: 63.215 GC heap after
Heap after GC invocations=16 (full 2):
 PSYoungGen      total 330240K, used 2167K [0x00000000eab00000, 0x0000000100000000, 0x0000000100000000)
  eden space 311296K, 0% used [0x00000000eab00000,0x00000000eab00000,0x00000000fdb00000)
  from space 18944K, 11% used [0x00000000fed80000,0x00000000fef9dd80,0x0000000100000000)
  to   space 18944K, 0% used [0x00000000fdb00000,0x00000000fdb00000,0x00000000fed80000)
 ParOldGen       total 71680K, used 56228K [0x00000000c0000000, 0x00000000c4600000, 0x00000000eab00000)
  object space 71680K, 78% used [0x00000000c0000000,0x00000000c36e9388,0x00000000c4600000)
 Metaspace       used 45578K, capacity 47714K, committed 48000K, reserved 1089536K
  class space    used 6140K, capacity 6936K, committed 7040K, reserved 1048576K
}
Event: 63.216 GC heap before
{Heap before GC invocations=17 (full 3):
 PSYoungGen      total 330240K, used 2167K [0x00000000eab00000, 0x0000000100000000, 0x0000000100000000)
  eden space 311296K, 0% used [0x00000000eab00000,0x00000000eab00000,0x00000000fdb00000)
  from space 18944K, 11% used [0x00000000fed80000,0x00000000fef9dd80,0x0000000100000000)
  to   space 18944K, 0% used [0x00000000fdb00000,0x00000000fdb00000,0x00000000fed80000)
 ParOldGen       total 71680K, used 56228K [0x00000000c0000000, 0x00000000c4600000, 0x00000000eab00000)
  object space 71680K, 78% used [0x00000000c0000000,0x00000000c36e9388,0x00000000c4600000)
 Metaspace       used 45578K, capacity 47714K, committed 48000K, reserved 1089536K
  class space    used 6140K, capacity 6936K, committed 7040K, reserved 1048576K
Event: 63.510 GC heap after
Heap after GC invocations=17 (full 3):
 PSYoungGen      total 330240K, used 0K [0x00000000eab00000, 0x0000000100000000, 0x0000000100000000)
  eden space 311296K, 0% used [0x00000000eab00000,0x00000000eab00000,0x00000000fdb00000)
  from space 18944K, 0% used [0x00000000fed80000,0x00000000fed80000,0x0000000100000000)
  to   space 18944K, 0% used [0x00000000fdb00000,0x00000000fdb00000,0x00000000fed80000)
 ParOldGen       total 71680K, used 47910K [0x00000000c0000000, 0x00000000c4600000, 0x00000000eab00000)
  object space 71680K, 66% used [0x00000000c0000000,0x00000000c2ec9a38,0x00000000c4600000)
 Metaspace       used 45363K, capacity 46984K, committed 48000K, reserved 1089536K
  class space    used 6091K, capacity 6698K, committed 7040K, reserved 1048576K
}
Event: 318.957 GC heap before
{Heap before GC invocations=18 (full 3):
 PSYoungGen      total 330240K, used 311296K [0x00000000eab00000, 0x0000000100000000, 0x0000000100000000)
  eden space 311296K, 100% used [0x00000000eab00000,0x00000000fdb00000,0x00000000fdb00000)
  from space 18944K, 0% used [0x00000000fed80000,0x00000000fed80000,0x0000000100000000)
  to   space 18944K, 0% used [0x00000000fdb00000,0x00000000fdb00000,0x00000000fed80000)
 ParOldGen       total 71680K, used 47910K [0x00000000c0000000, 0x00000000c4600000, 0x00000000eab00000)
  object space 71680K, 66% used [0x00000000c0000000,0x00000000c2ec9a38,0x00000000c4600000)
 Metaspace       used 52838K, capacity 55324K, committed 55424K, reserved 1097728K
  class space    used 7130K, capacity 8061K, committed 8064K, reserved 1048576K
Event: 319.180 GC heap after
Heap after GC invocations=18 (full 3):
 PSYoungGen      total 330240K, used 18916K [0x00000000eab00000, 0x0000000100000000, 0x0000000100000000)
  eden space 311296K, 0% used [0x00000000eab00000,0x00000000eab00000,0x00000000fdb00000)
  from space 18944K, 99% used [0x00000000fdb00000,0x00000000fed79240,0x00000000fed80000)
  to   space 18944K, 0% used [0x00000000fed80000,0x00000000fed80000,0x0000000100000000)
 ParOldGen       total 71680K, used 51524K [0x00000000c0000000, 0x00000000c4600000, 0x00000000eab00000)
  object space 71680K, 71% used [0x00000000c0000000,0x00000000c32513e8,0x00000000c4600000)
 Metaspace       used 52838K, capacity 55324K, committed 55424K, reserved 1097728K
  class space    used 7130K, capacity 8061K, committed 8064K, reserved 1048576K
}
Event: 329.756 GC heap before
{Heap before GC invocations=19 (full 3):
 PSYoungGen      total 330240K, used 191490K [0x00000000eab00000, 0x0000000100000000, 0x0000000100000000)
  eden space 311296K, 55% used [0x00000000eab00000,0x00000000f53878f8,0x00000000fdb00000)
  from space 18944K, 99% used [0x00000000fdb00000,0x00000000fed79240,0x00000000fed80000)
  to   space 18944K, 0% used [0x00000000fed80000,0x00000000fed80000,0x0000000100000000)
 ParOldGen       total 71680K, used 51524K [0x00000000c0000000, 0x00000000c4600000, 0x00000000eab00000)
  object space 71680K, 71% used [0x00000000c0000000,0x00000000c32513e8,0x00000000c4600000)
 Metaspace       used 55472K, capacity 58608K, committed 58624K, reserved 1099776K
  class space    used 7563K, capacity 8695K, committed 8704K, reserved 1048576K
Event: 331.070 GC heap after
Heap after GC invocations=19 (full 3):
 PSYoungGen      total 324096K, used 9484K [0x00000000eab00000, 0x0000000100000000, 0x0000000100000000)
  eden space 305152K, 0% used [0x00000000eab00000,0x00000000eab00000,0x00000000fd500000)
  from space 18944K, 50% used [0x00000000fed80000,0x00000000ff6c3118,0x0000000100000000)
  to   space 22016K, 0% used [0x00000000fd500000,0x00000000fd500000,0x00000000fea80000)
 ParOldGen       total 71680K, used 65578K [0x00000000c0000000, 0x00000000c4600000, 0x00000000eab00000)
  object space 71680K, 91% used [0x00000000c0000000,0x00000000c400aa78,0x00000000c4600000)
 Metaspace       used 55472K, capacity 58608K, committed 58624K, reserved 1099776K
  class space    used 7563K, capacity 8695K, committed 8704K, reserved 1048576K
}
Event: 331.070 GC heap before
{Heap before GC invocations=20 (full 4):
 PSYoungGen      total 324096K, used 9484K [0x00000000eab00000, 0x0000000100000000, 0x0000000100000000)
  eden space 305152K, 0% used [0x00000000eab00000,0x00000000eab00000,0x00000000fd500000)
  from space 18944K, 50% used [0x00000000fed80000,0x00000000ff6c3118,0x0000000100000000)
  to   space 22016K, 0% used [0x00000000fd500000,0x00000000fd500000,0x00000000fea80000)
 ParOldGen       total 71680K, used 65578K [0x00000000c0000000, 0x00000000c4600000, 0x00000000eab00000)
  object space 71680K, 91% used [0x00000000c0000000,0x00000000c400aa78,0x00000000c4600000)
 Metaspace       used 55472K, capacity 58608K, committed 58624K, reserved 1099776K
  class space    used 7563K, capacity 8695K, committed 8704K, reserved 1048576K
Event: 331.958 GC heap after
Heap after GC invocations=20 (full 4):
 PSYoungGen      total 324096K, used 0K [0x00000000eab00000, 0x0000000100000000, 0x0000000100000000)
  eden space 305152K, 0% used [0x00000000eab00000,0x00000000eab00000,0x00000000fd500000)
  from space 18944K, 0% used [0x00000000fed80000,0x00000000fed80000,0x0000000100000000)
  to   space 22016K, 0% used [0x00000000fd500000,0x00000000fd500000,0x00000000fea80000)
 ParOldGen       total 71680K, used 62553K [0x00000000c0000000, 0x00000000c4600000, 0x00000000eab00000)
  object space 71680K, 87% used [0x00000000c0000000,0x00000000c3d16590,0x00000000c4600000)
 Metaspace       used 55366K, capacity 58266K, committed 58624K, reserved 1099776K
  class space    used 7540K, capacity 8593K, committed 8704K, reserved 1048576K
}
Event: 582.945 GC heap before
{Heap before GC invocations=21 (full 5):
 PSYoungGen      total 324096K, used 305152K [0x00000000eab00000, 0x0000000100000000, 0x0000000100000000)
  eden space 305152K, 100% used [0x00000000eab00000,0x00000000fd500000,0x00000000fd500000)
  from space 18944K, 0% used [0x00000000fed80000,0x00000000fed80000,0x0000000100000000)
  to   space 22016K, 0% used [0x00000000fd500000,0x00000000fd500000,0x00000000fea80000)
 ParOldGen       total 71680K, used 62553K [0x00000000c0000000, 0x00000000c4600000, 0x00000000eab00000)
  object space 71680K, 87% used [0x00000000c0000000,0x00000000c3d16590,0x00000000c4600000)
 Metaspace       used 62741K, capacity 66486K, committed 66560K, reserved 1105920K
  class space    used 8570K, capacity 9936K, committed 9984K, reserved 1048576K

